# JRE version: OpenJDK Runtime Environment (Zulu 8.68.0.21-CA-win64) (8.0_362-b09) (build 1.8.0_362-b09)
# Java VM: OpenJDK 64-Bit Server VM (25.362-b09 mixed mode windows-amd64 compressed oops)
Heap:
 PSYoungGen      total 195584K, used 143405K [0x00000000d5580000, 0x00000000e2280000, 0x0000000100000000)
  eden space 191488K, 74% used [0x00000000d5580000,0x00000000de0a9b28,0x00000000e1080000)
  from space 4096K, 22% used [0x00000000e1e80000,0x00000000e1f619b0,0x00000000e2280000)
  to   space 9216K, 0% used [0x00000000e1080000,0x00000000e1080000,0x00000000e1980000)
 ParOldGen       total 50176K, used 19769K [0x0000000080000000, 0x0000000083100000, 0x00000000d5580000)
  object space 50176K, 39% used [0x0000000080000000,0x000000008134e678,0x0000000083100000)
 Metaspace       used 32696K, capacity 33774K, committed 33920K, reserved 1079296K
  class space    used 3814K, capacity 4141K, committed 4224K, reserved 1048576K
GC Heap History (10 events):
Event: 7.243 GC heap before
{Heap before GC invocations=9 (full 1):
 PSYoungGen      total 117248K, used 5100K [0x00000000d5580000, 0x00000000dcf80000, 0x0000000100000000)
  eden space 109568K, 0% used [0x00000000d5580000,0x00000000d5580000,0x00000000dc080000)
  from space 7680K, 66% used [0x00000000dc800000,0x00000000dccfb308,0x00000000dcf80000)
  to   space 7680K, 0% used [0x00000000dc080000,0x00000000dc080000,0x00000000dc800000)
 ParOldGen       total 72704K, used 6018K [0x0000000080000000, 0x0000000084700000, 0x00000000d5580000)
  object space 72704K, 8% used [0x0000000080000000,0x00000000805e0998,0x0000000084700000)
 Metaspace       used 20879K, capacity 21086K, committed 21296K, reserved 1069056K
  class space    used 2289K, capacity 2389K, committed 2432K, reserved 1048576K
Event: 7.330 GC heap after
Heap after GC invocations=9 (full 1):
 PSYoungGen      total 117248K, used 0K [0x00000000d5580000, 0x00000000dcf80000, 0x0000000100000000)
  eden space 109568K, 0% used [0x00000000d5580000,0x00000000d5580000,0x00000000dc080000)
  from space 7680K, 0% used [0x00000000dc800000,0x00000000dc800000,0x00000000dcf80000)
  to   space 7680K, 0% used [0x00000000dc080000,0x00000000dc080000,0x00000000dc800000)
 ParOldGen       total 50176K, used 8867K [0x0000000080000000, 0x0000000083100000, 0x00000000d5580000)
  object space 50176K, 17% used [0x0000000080000000,0x00000000808a8e20,0x0000000083100000)
 Metaspace       used 20879K, capacity 21086K, committed 21296K, reserved 1069056K
  class space    used 2289K, capacity 2389K, committed 2432K, reserved 1048576K
}
Event: 9.086 GC heap before
{Heap before GC invocations=10 (full 1):
 PSYoungGen      total 117248K, used 109568K [0x00000000d5580000, 0x00000000dcf80000, 0x0000000100000000)
  eden space 109568K, 100% used [0x00000000d5580000,0x00000000dc080000,0x00000000dc080000)
  from space 7680K, 0% used [0x00000000dc800000,0x00000000dc800000,0x00000000dcf80000)
  to   space 7680K, 0% used [0x00000000dc080000,0x00000000dc080000,0x00000000dc800000)
 ParOldGen       total 50176K, used 8867K [0x0000000080000000, 0x0000000083100000, 0x00000000d5580000)
  object space 50176K, 17% used [0x0000000080000000,0x00000000808a8e20,0x0000000083100000)
 Metaspace       used 23174K, capacity 23556K, committed 23808K, reserved 1071104K
  class space    used 2539K, capacity 2690K, committed 2816K, reserved 1048576K
Event: 9.095 GC heap after
Heap after GC invocations=10 (full 1):
 PSYoungGen      total 117248K, used 3886K [0x00000000d5580000, 0x00000000df400000, 0x0000000100000000)
  eden space 109568K, 0% used [0x00000000d5580000,0x00000000d5580000,0x00000000dc080000)
  from space 7680K, 50% used [0x00000000dc080000,0x00000000dc44bb70,0x00000000dc800000)
  to   space 7680K, 0% used [0x00000000dec80000,0x00000000dec80000,0x00000000df400000)
 ParOldGen       total 50176K, used 8867K [0x0000000080000000, 0x0000000083100000, 0x00000000d5580000)
  object space 50176K, 17% used [0x0000000080000000,0x00000000808a8e20,0x0000000083100000)
 Metaspace       used 23174K, capacity 23556K, committed 23808K, reserved 1071104K
  class space    used 2539K, capacity 2690K, committed 2816K, reserved 1048576K
}
Event: 10.178 GC heap before
{Heap before GC invocations=11 (full 1):
 PSYoungGen      total 117248K, used 113454K [0x00000000d5580000, 0x00000000df400000, 0x0000000100000000)
  eden space 109568K, 100% used [0x00000000d5580000,0x00000000dc080000,0x00000000dc080000)
  from space 7680K, 50% used [0x00000000dc080000,0x00000000dc44bb70,0x00000000dc800000)
  to   space 7680K, 0% used [0x00000000dec80000,0x00000000dec80000,0x00000000df400000)
 ParOldGen       total 50176K, used 8867K [0x0000000080000000, 0x0000000083100000, 0x00000000d5580000)
  object space 50176K, 17% used [0x0000000080000000,0x00000000808a8e20,0x0000000083100000)
 Metaspace       used 24960K, capacity 25324K, committed 25600K, reserved 1071104K
  class space    used 2822K, capacity 2957K, committed 3072K, reserved 1048576K
Event: 10.221 GC heap after
Heap after GC invocations=11 (full 1):
 PSYoungGen      total 153600K, used 7680K [0x00000000d5580000, 0x00000000dfa80000, 0x0000000100000000)
  eden space 145920K, 0% used [0x00000000d5580000,0x00000000d5580000,0x00000000de400000)
  from space 7680K, 100% used [0x00000000dec80000,0x00000000df400000,0x00000000df400000)
  to   space 8704K, 0% used [0x00000000de400000,0x00000000de400000,0x00000000dec80000)
 ParOldGen       total 50176K, used 9497K [0x0000000080000000, 0x0000000083100000, 0x00000000d5580000)
  object space 50176K, 18% used [0x0000000080000000,0x0000000080946420,0x0000000083100000)
 Metaspace       used 24960K, capacity 25324K, committed 25600K, reserved 1071104K
  class space    used 2822K, capacity 2957K, committed 3072K, reserved 1048576K
}
Event: 18.475 GC heap before
{Heap before GC invocations=12 (full 1):
 PSYoungGen      total 153600K, used 153600K [0x00000000d5580000, 0x00000000dfa80000, 0x0000000100000000)
  eden space 145920K, 100% used [0x00000000d5580000,0x00000000de400000,0x00000000de400000)
  from space 7680K, 100% used [0x00000000dec80000,0x00000000df400000,0x00000000df400000)
  to   space 8704K, 0% used [0x00000000de400000,0x00000000de400000,0x00000000dec80000)
 ParOldGen       total 50176K, used 9497K [0x0000000080000000, 0x0000000083100000, 0x00000000d5580000)
  object space 50176K, 18% used [0x0000000080000000,0x0000000080946420,0x0000000083100000)
 Metaspace       used 31768K, capacity 32684K, committed 33024K, reserved 1079296K
  class space    used 3754K, capacity 4000K, committed 4096K, reserved 1048576K
Event: 18.500 GC heap after
Heap after GC invocations=12 (full 1):
 PSYoungGen      total 154624K, used 7487K [0x00000000d5580000, 0x00000000e2780000, 0x0000000100000000)
  eden space 145920K, 0% used [0x00000000d5580000,0x00000000d5580000,0x00000000de400000)
  from space 8704K, 86% used [0x00000000de400000,0x00000000deb4ff48,0x00000000dec80000)
  to   space 9216K, 0% used [0x00000000e1e80000,0x00000000e1e80000,0x00000000e2780000)
 ParOldGen       total 50176K, used 16088K [0x0000000080000000, 0x0000000083100000, 0x00000000d5580000)
  object space 50176K, 32% used [0x0000000080000000,0x0000000080fb60b0,0x0000000083100000)
 Metaspace       used 31768K, capacity 32684K, committed 33024K, reserved 1079296K
  class space    used 3754K, capacity 4000K, committed 4096K, reserved 1048576K
}
Event: 24.048 GC heap before
{Heap before GC invocations=13 (full 1):
 PSYoungGen      total 154624K, used 153407K [0x00000000d5580000, 0x00000000e2780000, 0x0000000100000000)
  eden space 145920K, 100% used [0x00000000d5580000,0x00000000de400000,0x00000000de400000)
  from space 8704K, 86% used [0x00000000de400000,0x00000000deb4ff48,0x00000000dec80000)
  to   space 9216K, 0% used [0x00000000e1e80000,0x00000000e1e80000,0x00000000e2780000)
 ParOldGen       total 50176K, used 16088K [0x0000000080000000, 0x0000000083100000, 0x00000000d5580000)
  object space 50176K, 32% used [0x0000000080000000,0x0000000080fb60b0,0x0000000083100000)
 Metaspace       used 32345K, capacity 33356K, committed 33664K, reserved 1079296K
  class space    used 3800K, capacity 4110K, committed 4224K, reserved 1048576K
Event: 24.058 GC heap after
Heap after GC invocations=13 (full 1):
 PSYoungGen      total 195584K, used 902K [0x00000000d5580000, 0x00000000e2280000, 0x0000000100000000)
  eden space 191488K, 0% used [0x00000000d5580000,0x00000000d5580000,0x00000000e1080000)
  from space 4096K, 22% used [0x00000000e1e80000,0x00000000e1f619b0,0x00000000e2280000)
  to   space 9216K, 0% used [0x00000000e1080000,0x00000000e1080000,0x00000000e1980000)
 ParOldGen       total 50176K, used 19769K [0x0000000080000000, 0x0000000083100000, 0x00000000d5580000)
  object space 50176K, 39% used [0x0000000080000000,0x000000008134e678,0x0000000083100000)
 Metaspace       used 32345K, capacity 33356K, committed 33664K, reserved 1079296K
  class space    used 3800K, capacity 4110K, committed 4224K, reserved 1048576K
}

