# JRE version: OpenJDK Runtime Environment (Zulu 8.68.0.21-CA-win64) (8.0_362-b09) (build 1.8.0_362-b09)
# Java VM: OpenJDK 64-Bit Server VM (25.362-b09 mixed mode windows-amd64 compressed oops)
Heap:
 PSYoungGen      total 155648K, used 60340K [0x00000000d5580000, 0x00000000df900000, 0x0000000100000000)
  eden space 148480K, 35% used [0x00000000d5580000,0x00000000d8972720,0x00000000de680000)
  from space 7168K, 99% used [0x00000000def00000,0x00000000df5fa970,0x00000000df600000)
  to   space 8704K, 0% used [0x00000000de680000,0x00000000de680000,0x00000000def00000)
 ParOldGen       total 48640K, used 10408K [0x0000000080000000, 0x0000000082f80000, 0x00000000d5580000)
  object space 48640K, 21% used [0x0000000080000000,0x0000000080a2a2a8,0x0000000082f80000)
 Metaspace       used 30772K, capacity 31696K, committed 31872K, reserved 1077248K
  class space    used 3647K, capacity 3893K, committed 3968K, reserved 1048576K
GC Heap History (10 events):
Event: 5.823 GC heap before
{Heap before GC invocations=7 (full 0):
 PSYoungGen      total 60928K, used 60924K [0x00000000d5580000, 0x00000000d9880000, 0x0000000100000000)
  eden space 54784K, 100% used [0x00000000d5580000,0x00000000d8b00000,0x00000000d8b00000)
  from space 6144K, 99% used [0x00000000d9180000,0x00000000d977f090,0x00000000d9780000)
  to   space 6656K, 0% used [0x00000000d8b00000,0x00000000d8b00000,0x00000000d9180000)
 ParOldGen       total 72704K, used 2724K [0x0000000080000000, 0x0000000084700000, 0x00000000d5580000)
  object space 72704K, 3% used [0x0000000080000000,0x00000000802a92d8,0x0000000084700000)
 Metaspace       used 20290K, capacity 20548K, committed 20864K, reserved 1067008K
  class space    used 2255K, capacity 2379K, committed 2432K, reserved 1048576K
Event: 5.845 GC heap after
Heap after GC invocations=7 (full 0):
 PSYoungGen      total 61440K, used 6146K [0x00000000d5580000, 0x00000000dce80000, 0x0000000100000000)
  eden space 54784K, 0% used [0x00000000d5580000,0x00000000d5580000,0x00000000d8b00000)
  from space 6656K, 92% used [0x00000000d8b00000,0x00000000d9100990,0x00000000d9180000)
  to   space 7168K, 0% used [0x00000000dc780000,0x00000000dc780000,0x00000000dce80000)
 ParOldGen       total 72704K, used 5650K [0x0000000080000000, 0x0000000084700000, 0x00000000d5580000)
  object space 72704K, 7% used [0x0000000080000000,0x0000000080584860,0x0000000084700000)
 Metaspace       used 20290K, capacity 20548K, committed 20864K, reserved 1067008K
  class space    used 2255K, capacity 2379K, committed 2432K, reserved 1048576K
}
Event: 6.201 GC heap before
{Heap before GC invocations=8 (full 0):
 PSYoungGen      total 61440K, used 33436K [0x00000000d5580000, 0x00000000dce80000, 0x0000000100000000)
  eden space 54784K, 49% used [0x00000000d5580000,0x00000000d7026978,0x00000000d8b00000)
  from space 6656K, 92% used [0x00000000d8b00000,0x00000000d9100990,0x00000000d9180000)
  to   space 7168K, 0% used [0x00000000dc780000,0x00000000dc780000,0x00000000dce80000)
 ParOldGen       total 72704K, used 5650K [0x0000000080000000, 0x0000000084700000, 0x00000000d5580000)
  object space 72704K, 7% used [0x0000000080000000,0x0000000080584860,0x0000000084700000)
 Metaspace       used 20826K, capacity 21066K, committed 21296K, reserved 1069056K
  class space    used 2301K, capacity 2401K, committed 2432K, reserved 1048576K
Event: 6.212 GC heap after
Heap after GC invocations=8 (full 0):
 PSYoungGen      total 116736K, used 4309K [0x00000000d5580000, 0x00000000dce80000, 0x0000000100000000)
  eden space 109568K, 0% used [0x00000000d5580000,0x00000000d5580000,0x00000000dc080000)
  from space 7168K, 60% used [0x00000000dc780000,0x00000000dcbb5588,0x00000000dce80000)
  to   space 7168K, 0% used [0x00000000dc080000,0x00000000dc080000,0x00000000dc780000)
 ParOldGen       total 72704K, used 6266K [0x0000000080000000, 0x0000000084700000, 0x00000000d5580000)
  object space 72704K, 8% used [0x0000000080000000,0x000000008061e870,0x0000000084700000)
 Metaspace       used 20826K, capacity 21066K, committed 21296K, reserved 1069056K
  class space    used 2301K, capacity 2401K, committed 2432K, reserved 1048576K
}
Event: 6.212 GC heap before
{Heap before GC invocations=9 (full 1):
 PSYoungGen      total 116736K, used 4309K [0x00000000d5580000, 0x00000000dce80000, 0x0000000100000000)
  eden space 109568K, 0% used [0x00000000d5580000,0x00000000d5580000,0x00000000dc080000)
  from space 7168K, 60% used [0x00000000dc780000,0x00000000dcbb5588,0x00000000dce80000)
  to   space 7168K, 0% used [0x00000000dc080000,0x00000000dc080000,0x00000000dc780000)
 ParOldGen       total 72704K, used 6266K [0x0000000080000000, 0x0000000084700000, 0x00000000d5580000)
  object space 72704K, 8% used [0x0000000080000000,0x000000008061e870,0x0000000084700000)
 Metaspace       used 20826K, capacity 21066K, committed 21296K, reserved 1069056K
  class space    used 2301K, capacity 2401K, committed 2432K, reserved 1048576K
Event: 6.287 GC heap after
Heap after GC invocations=9 (full 1):
 PSYoungGen      total 116736K, used 0K [0x00000000d5580000, 0x00000000dce80000, 0x0000000100000000)
  eden space 109568K, 0% used [0x00000000d5580000,0x00000000d5580000,0x00000000dc080000)
  from space 7168K, 0% used [0x00000000dc780000,0x00000000dc780000,0x00000000dce80000)
  to   space 7168K, 0% used [0x00000000dc080000,0x00000000dc080000,0x00000000dc780000)
 ParOldGen       total 48640K, used 8376K [0x0000000080000000, 0x0000000082f80000, 0x00000000d5580000)
  object space 48640K, 17% used [0x0000000080000000,0x000000008082e368,0x0000000082f80000)
 Metaspace       used 20826K, capacity 21066K, committed 21296K, reserved 1069056K
  class space    used 2301K, capacity 2401K, committed 2432K, reserved 1048576K
}
Event: 7.754 GC heap before
{Heap before GC invocations=10 (full 1):
 PSYoungGen      total 116736K, used 109568K [0x00000000d5580000, 0x00000000dce80000, 0x0000000100000000)
  eden space 109568K, 100% used [0x00000000d5580000,0x00000000dc080000,0x00000000dc080000)
  from space 7168K, 0% used [0x00000000dc780000,0x00000000dc780000,0x00000000dce80000)
  to   space 7168K, 0% used [0x00000000dc080000,0x00000000dc080000,0x00000000dc780000)
 ParOldGen       total 48640K, used 8376K [0x0000000080000000, 0x0000000082f80000, 0x00000000d5580000)
  object space 48640K, 17% used [0x0000000080000000,0x000000008082e368,0x0000000082f80000)
 Metaspace       used 22931K, capacity 23234K, committed 23680K, reserved 1071104K
  class space    used 2514K, capacity 2650K, committed 2688K, reserved 1048576K
Event: 7.762 GC heap after
Heap after GC invocations=10 (full 1):
 PSYoungGen      total 116736K, used 3106K [0x00000000d5580000, 0x00000000df600000, 0x0000000100000000)
  eden space 109568K, 0% used [0x00000000d5580000,0x00000000d5580000,0x00000000dc080000)
  from space 7168K, 43% used [0x00000000dc080000,0x00000000dc388a60,0x00000000dc780000)
  to   space 7168K, 0% used [0x00000000def00000,0x00000000def00000,0x00000000df600000)
 ParOldGen       total 48640K, used 8384K [0x0000000080000000, 0x0000000082f80000, 0x00000000d5580000)
  object space 48640K, 17% used [0x0000000080000000,0x0000000080830368,0x0000000082f80000)
 Metaspace       used 22931K, capacity 23234K, committed 23680K, reserved 1071104K
  class space    used 2514K, capacity 2650K, committed 2688K, reserved 1048576K
}
Event: 9.675 GC heap before
{Heap before GC invocations=11 (full 1):
 PSYoungGen      total 116736K, used 112674K [0x00000000d5580000, 0x00000000df600000, 0x0000000100000000)
  eden space 109568K, 100% used [0x00000000d5580000,0x00000000dc080000,0x00000000dc080000)
  from space 7168K, 43% used [0x00000000dc080000,0x00000000dc388a60,0x00000000dc780000)
  to   space 7168K, 0% used [0x00000000def00000,0x00000000def00000,0x00000000df600000)
 ParOldGen       total 48640K, used 8384K [0x0000000080000000, 0x0000000082f80000, 0x00000000d5580000)
  object space 48640K, 17% used [0x0000000080000000,0x0000000080830368,0x0000000082f80000)
 Metaspace       used 25702K, capacity 26128K, committed 26496K, reserved 1073152K
  class space    used 2936K, capacity 3081K, committed 3200K, reserved 1048576K
Event: 9.710 GC heap after
Heap after GC invocations=11 (full 1):
 PSYoungGen      total 155648K, used 7146K [0x00000000d5580000, 0x00000000df900000, 0x0000000100000000)
  eden space 148480K, 0% used [0x00000000d5580000,0x00000000d5580000,0x00000000de680000)
  from space 7168K, 99% used [0x00000000def00000,0x00000000df5fa970,0x00000000df600000)
  to   space 8704K, 0% used [0x00000000de680000,0x00000000de680000,0x00000000def00000)
 ParOldGen       total 48640K, used 10408K [0x0000000080000000, 0x0000000082f80000, 0x00000000d5580000)
  object space 48640K, 21% used [0x0000000080000000,0x0000000080a2a2a8,0x0000000082f80000)
 Metaspace       used 25702K, capacity 26128K, committed 26496K, reserved 1073152K
  class space    used 2936K, capacity 3081K, committed 3200K, reserved 1048576K
}

