# JRE version: OpenJDK Runtime Environment (Zulu 8.68.0.21-CA-win64) (8.0_362-b09) (build 1.8.0_362-b09)
# Java VM: OpenJDK 64-Bit Server VM (25.362-b09 mixed mode windows-amd64 compressed oops)
Heap:
 PSYoungGen      total 149504K, used 76753K [0x00000000d5580000, 0x00000000df980000, 0x0000000100000000)
  eden space 141824K, 48% used [0x00000000d5580000,0x00000000d98f90a8,0x00000000de000000)
  from space 7680K, 99% used [0x00000000de880000,0x00000000deffb638,0x00000000df000000)
  to   space 8704K, 0% used [0x00000000de000000,0x00000000de000000,0x00000000de880000)
 ParOldGen       total 51712K, used 9874K [0x0000000080000000, 0x0000000083280000, 0x00000000d5580000)
  object space 51712K, 19% used [0x0000000080000000,0x00000000809a4bb0,0x0000000083280000)
 Metaspace       used 31218K, capacity 32108K, committed 32384K, reserved 1077248K
  class space    used 3699K, capacity 3939K, committed 3968K, reserved 1048576K
GC Heap History (10 events):
Event: 5.213 GC heap before
{Heap before GC invocations=7 (full 0):
 PSYoungGen      total 59904K, used 59877K [0x00000000d5580000, 0x00000000d9680000, 0x0000000100000000)
  eden space 54784K, 100% used [0x00000000d5580000,0x00000000d8b00000,0x00000000d8b00000)
  from space 5120K, 99% used [0x00000000d9080000,0x00000000d9579528,0x00000000d9580000)
  to   space 5632K, 0% used [0x00000000d8b00000,0x00000000d8b00000,0x00000000d9080000)
 ParOldGen       total 72704K, used 1773K [0x0000000080000000, 0x0000000084700000, 0x00000000d5580000)
  object space 72704K, 2% used [0x0000000080000000,0x00000000801bb790,0x0000000084700000)
 Metaspace       used 18722K, capacity 18988K, committed 19328K, reserved 1067008K
  class space    used 2014K, capacity 2115K, committed 2176K, reserved 1048576K
Event: 5.229 GC heap after
Heap after GC invocations=7 (full 0):
 PSYoungGen      total 60416K, used 5619K [0x00000000d5580000, 0x00000000dcf80000, 0x0000000100000000)
  eden space 54784K, 0% used [0x00000000d5580000,0x00000000d5580000,0x00000000d8b00000)
  from space 5632K, 99% used [0x00000000d8b00000,0x00000000d907cd08,0x00000000d9080000)
  to   space 7680K, 0% used [0x00000000dc800000,0x00000000dc800000,0x00000000dcf80000)
 ParOldGen       total 72704K, used 5184K [0x0000000080000000, 0x0000000084700000, 0x00000000d5580000)
  object space 72704K, 7% used [0x0000000080000000,0x0000000080510218,0x0000000084700000)
 Metaspace       used 18722K, capacity 18988K, committed 19328K, reserved 1067008K
  class space    used 2014K, capacity 2115K, committed 2176K, reserved 1048576K
}
Event: 5.980 GC heap before
{Heap before GC invocations=8 (full 0):
 PSYoungGen      total 60416K, used 49296K [0x00000000d5580000, 0x00000000dcf80000, 0x0000000100000000)
  eden space 54784K, 79% used [0x00000000d5580000,0x00000000d80276c8,0x00000000d8b00000)
  from space 5632K, 99% used [0x00000000d8b00000,0x00000000d907cd08,0x00000000d9080000)
  to   space 7680K, 0% used [0x00000000dc800000,0x00000000dc800000,0x00000000dcf80000)
 ParOldGen       total 72704K, used 5184K [0x0000000080000000, 0x0000000084700000, 0x00000000d5580000)
  object space 72704K, 7% used [0x0000000080000000,0x0000000080510218,0x0000000084700000)
 Metaspace       used 20881K, capacity 21098K, committed 21296K, reserved 1069056K
  class space    used 2293K, capacity 2393K, committed 2432K, reserved 1048576K
Event: 5.993 GC heap after
Heap after GC invocations=8 (full 0):
 PSYoungGen      total 117248K, used 5186K [0x00000000d5580000, 0x00000000dcf80000, 0x0000000100000000)
  eden space 109568K, 0% used [0x00000000d5580000,0x00000000d5580000,0x00000000dc080000)
  from space 7680K, 67% used [0x00000000dc800000,0x00000000dcd10ba0,0x00000000dcf80000)
  to   space 7680K, 0% used [0x00000000dc080000,0x00000000dc080000,0x00000000dc800000)
 ParOldGen       total 72704K, used 6192K [0x0000000080000000, 0x0000000084700000, 0x00000000d5580000)
  object space 72704K, 8% used [0x0000000080000000,0x000000008060c338,0x0000000084700000)
 Metaspace       used 20881K, capacity 21098K, committed 21296K, reserved 1069056K
  class space    used 2293K, capacity 2393K, committed 2432K, reserved 1048576K
}
Event: 5.993 GC heap before
{Heap before GC invocations=9 (full 1):
 PSYoungGen      total 117248K, used 5186K [0x00000000d5580000, 0x00000000dcf80000, 0x0000000100000000)
  eden space 109568K, 0% used [0x00000000d5580000,0x00000000d5580000,0x00000000dc080000)
  from space 7680K, 67% used [0x00000000dc800000,0x00000000dcd10ba0,0x00000000dcf80000)
  to   space 7680K, 0% used [0x00000000dc080000,0x00000000dc080000,0x00000000dc800000)
 ParOldGen       total 72704K, used 6192K [0x0000000080000000, 0x0000000084700000, 0x00000000d5580000)
  object space 72704K, 8% used [0x0000000080000000,0x000000008060c338,0x0000000084700000)
 Metaspace       used 20881K, capacity 21098K, committed 21296K, reserved 1069056K
  class space    used 2293K, capacity 2393K, committed 2432K, reserved 1048576K
Event: 6.074 GC heap after
Heap after GC invocations=9 (full 1):
 PSYoungGen      total 117248K, used 0K [0x00000000d5580000, 0x00000000dcf80000, 0x0000000100000000)
  eden space 109568K, 0% used [0x00000000d5580000,0x00000000d5580000,0x00000000dc080000)
  from space 7680K, 0% used [0x00000000dc800000,0x00000000dc800000,0x00000000dcf80000)
  to   space 7680K, 0% used [0x00000000dc080000,0x00000000dc080000,0x00000000dc800000)
 ParOldGen       total 51712K, used 8997K [0x0000000080000000, 0x0000000083280000, 0x00000000d5580000)
  object space 51712K, 17% used [0x0000000080000000,0x00000000808c9578,0x0000000083280000)
 Metaspace       used 20881K, capacity 21098K, committed 21296K, reserved 1069056K
  class space    used 2293K, capacity 2393K, committed 2432K, reserved 1048576K
}
Event: 7.820 GC heap before
{Heap before GC invocations=10 (full 1):
 PSYoungGen      total 117248K, used 109568K [0x00000000d5580000, 0x00000000dcf80000, 0x0000000100000000)
  eden space 109568K, 100% used [0x00000000d5580000,0x00000000dc080000,0x00000000dc080000)
  from space 7680K, 0% used [0x00000000dc800000,0x00000000dc800000,0x00000000dcf80000)
  to   space 7680K, 0% used [0x00000000dc080000,0x00000000dc080000,0x00000000dc800000)
 ParOldGen       total 51712K, used 8997K [0x0000000080000000, 0x0000000083280000, 0x00000000d5580000)
  object space 51712K, 17% used [0x0000000080000000,0x00000000808c9578,0x0000000083280000)
 Metaspace       used 23174K, capacity 23556K, committed 23808K, reserved 1071104K
  class space    used 2541K, capacity 2690K, committed 2816K, reserved 1048576K
Event: 7.832 GC heap after
Heap after GC invocations=10 (full 1):
 PSYoungGen      total 117248K, used 3725K [0x00000000d5580000, 0x00000000df000000, 0x0000000100000000)
  eden space 109568K, 0% used [0x00000000d5580000,0x00000000d5580000,0x00000000dc080000)
  from space 7680K, 48% used [0x00000000dc080000,0x00000000dc423798,0x00000000dc800000)
  to   space 7680K, 0% used [0x00000000de880000,0x00000000de880000,0x00000000df000000)
 ParOldGen       total 51712K, used 8997K [0x0000000080000000, 0x0000000083280000, 0x00000000d5580000)
  object space 51712K, 17% used [0x0000000080000000,0x00000000808c9578,0x0000000083280000)
 Metaspace       used 23174K, capacity 23556K, committed 23808K, reserved 1071104K
  class space    used 2541K, capacity 2690K, committed 2816K, reserved 1048576K
}
Event: 8.946 GC heap before
{Heap before GC invocations=11 (full 1):
 PSYoungGen      total 117248K, used 113293K [0x00000000d5580000, 0x00000000df000000, 0x0000000100000000)
  eden space 109568K, 100% used [0x00000000d5580000,0x00000000dc080000,0x00000000dc080000)
  from space 7680K, 48% used [0x00000000dc080000,0x00000000dc423798,0x00000000dc800000)
  to   space 7680K, 0% used [0x00000000de880000,0x00000000de880000,0x00000000df000000)
 ParOldGen       total 51712K, used 8997K [0x0000000080000000, 0x0000000083280000, 0x00000000d5580000)
  object space 51712K, 17% used [0x0000000080000000,0x00000000808c9578,0x0000000083280000)
 Metaspace       used 25041K, capacity 25390K, committed 25600K, reserved 1071104K
  class space    used 2826K, capacity 2959K, committed 3072K, reserved 1048576K
Event: 8.999 GC heap after
Heap after GC invocations=11 (full 1):
 PSYoungGen      total 149504K, used 7661K [0x00000000d5580000, 0x00000000df980000, 0x0000000100000000)
  eden space 141824K, 0% used [0x00000000d5580000,0x00000000d5580000,0x00000000de000000)
  from space 7680K, 99% used [0x00000000de880000,0x00000000deffb638,0x00000000df000000)
  to   space 8704K, 0% used [0x00000000de000000,0x00000000de000000,0x00000000de880000)
 ParOldGen       total 51712K, used 9874K [0x0000000080000000, 0x0000000083280000, 0x00000000d5580000)
  object space 51712K, 19% used [0x0000000080000000,0x00000000809a4bb0,0x0000000083280000)
 Metaspace       used 25041K, capacity 25390K, committed 25600K, reserved 1071104K
  class space    used 2826K, capacity 2959K, committed 3072K, reserved 1048576K
}

