# JRE version: OpenJDK Runtime Environment (Zulu 8.68.0.21-CA-win64) (8.0_362-b09) (build 1.8.0_362-b09)
# Java VM: OpenJDK 64-Bit Server VM (25.362-b09 mixed mode windows-amd64 compressed oops)
Heap:
 PSYoungGen      total 117248K, used 109455K [0x00000000d5580000, 0x00000000dd280000, 0x0000000100000000)
  eden space 109568K, 97% used [0x00000000d5580000,0x00000000dbd4f3d0,0x00000000dc080000)
  from space 7680K, 41% used [0x00000000dc900000,0x00000000dcc14a70,0x00000000dd080000)
  to   space 8704K, 0% used [0x00000000dc080000,0x00000000dc080000,0x00000000dc900000)
 ParOldGen       total 49664K, used 8548K [0x0000000080000000, 0x0000000083080000, 0x00000000d5580000)
  object space 49664K, 17% used [0x0000000080000000,0x00000000808592d8,0x0000000083080000)
 Metaspace       used 25426K, capacity 25809K, committed 26112K, reserved 1073152K
  class space    used 2893K, capacity 3018K, committed 3072K, reserved 1048576K
GC Heap History (10 events):
Event: 5.153 GC heap before
{Heap before GC invocations=5 (full 0):
 PSYoungGen      total 59392K, used 59374K [0x00000000d5580000, 0x00000000d9380000, 0x0000000100000000)
  eden space 55296K, 100% used [0x00000000d5580000,0x00000000d8b80000,0x00000000d8b80000)
  from space 4096K, 99% used [0x00000000d8f80000,0x00000000d937b8c8,0x00000000d9380000)
  to   space 4096K, 0% used [0x00000000d8b80000,0x00000000d8b80000,0x00000000d8f80000)
 ParOldGen       total 72704K, used 861K [0x0000000080000000, 0x0000000084700000, 0x00000000d5580000)
  object space 72704K, 1% used [0x0000000080000000,0x00000000800d7608,0x0000000084700000)
 Metaspace       used 16188K, capacity 16436K, committed 16768K, reserved 1064960K
  class space    used 1697K, capacity 1817K, committed 1920K, reserved 1048576K
Event: 5.169 GC heap after
Heap after GC invocations=5 (full 0):
 PSYoungGen      total 59392K, used 4090K [0x00000000d5580000, 0x00000000dd080000, 0x0000000100000000)
  eden space 55296K, 0% used [0x00000000d5580000,0x00000000d5580000,0x00000000d8b80000)
  from space 4096K, 99% used [0x00000000d8b80000,0x00000000d8f7e818,0x00000000d8f80000)
  to   space 7680K, 0% used [0x00000000dc900000,0x00000000dc900000,0x00000000dd080000)
 ParOldGen       total 72704K, used 4765K [0x0000000080000000, 0x0000000084700000, 0x00000000d5580000)
  object space 72704K, 6% used [0x0000000080000000,0x00000000804a76e0,0x0000000084700000)
 Metaspace       used 16188K, capacity 16436K, committed 16768K, reserved 1064960K
  class space    used 1697K, capacity 1817K, committed 1920K, reserved 1048576K
}
Event: 6.193 GC heap before
{Heap before GC invocations=6 (full 0):
 PSYoungGen      total 59392K, used 59386K [0x00000000d5580000, 0x00000000dd080000, 0x0000000100000000)
  eden space 55296K, 100% used [0x00000000d5580000,0x00000000d8b80000,0x00000000d8b80000)
  from space 4096K, 99% used [0x00000000d8b80000,0x00000000d8f7e818,0x00000000d8f80000)
  to   space 7680K, 0% used [0x00000000dc900000,0x00000000dc900000,0x00000000dd080000)
 ParOldGen       total 72704K, used 4765K [0x0000000080000000, 0x0000000084700000, 0x00000000d5580000)
  object space 72704K, 6% used [0x0000000080000000,0x00000000804a76e0,0x0000000084700000)
 Metaspace       used 20306K, capacity 20548K, committed 20864K, reserved 1067008K
  class space    used 2255K, capacity 2379K, committed 2432K, reserved 1048576K
Event: 6.208 GC heap after
Heap after GC invocations=6 (full 0):
 PSYoungGen      total 117248K, used 7630K [0x00000000d5580000, 0x00000000dd280000, 0x0000000100000000)
  eden space 109568K, 0% used [0x00000000d5580000,0x00000000d5580000,0x00000000dc080000)
  from space 7680K, 99% used [0x00000000dc900000,0x00000000dd0739b0,0x00000000dd080000)
  to   space 8704K, 0% used [0x00000000dc080000,0x00000000dc080000,0x00000000dc900000)
 ParOldGen       total 72704K, used 4773K [0x0000000080000000, 0x0000000084700000, 0x00000000d5580000)
  object space 72704K, 6% used [0x0000000080000000,0x00000000804a96e0,0x0000000084700000)
 Metaspace       used 20306K, capacity 20548K, committed 20864K, reserved 1067008K
  class space    used 2255K, capacity 2379K, committed 2432K, reserved 1048576K
}
Event: 6.534 GC heap before
{Heap before GC invocations=7 (full 0):
 PSYoungGen      total 117248K, used 36097K [0x00000000d5580000, 0x00000000dd280000, 0x0000000100000000)
  eden space 109568K, 25% used [0x00000000d5580000,0x00000000d714cac0,0x00000000dc080000)
  from space 7680K, 99% used [0x00000000dc900000,0x00000000dd0739b0,0x00000000dd080000)
  to   space 8704K, 0% used [0x00000000dc080000,0x00000000dc080000,0x00000000dc900000)
 ParOldGen       total 72704K, used 4773K [0x0000000080000000, 0x0000000084700000, 0x00000000d5580000)
  object space 72704K, 6% used [0x0000000080000000,0x00000000804a96e0,0x0000000084700000)
 Metaspace       used 20797K, capacity 21097K, committed 21296K, reserved 1069056K
  class space    used 2299K, capacity 2432K, committed 2432K, reserved 1048576K
Event: 6.552 GC heap after
Heap after GC invocations=7 (full 0):
 PSYoungGen      total 118272K, used 3942K [0x00000000d5580000, 0x00000000dd280000, 0x0000000100000000)
  eden space 109568K, 0% used [0x00000000d5580000,0x00000000d5580000,0x00000000dc080000)
  from space 8704K, 45% used [0x00000000dc080000,0x00000000dc459b00,0x00000000dc900000)
  to   space 7680K, 0% used [0x00000000dc900000,0x00000000dc900000,0x00000000dd080000)
 ParOldGen       total 72704K, used 7411K [0x0000000080000000, 0x0000000084700000, 0x00000000d5580000)
  object space 72704K, 10% used [0x0000000080000000,0x000000008073cc68,0x0000000084700000)
 Metaspace       used 20797K, capacity 21097K, committed 21296K, reserved 1069056K
  class space    used 2299K, capacity 2432K, committed 2432K, reserved 1048576K
}
Event: 6.552 GC heap before
{Heap before GC invocations=8 (full 1):
 PSYoungGen      total 118272K, used 3942K [0x00000000d5580000, 0x00000000dd280000, 0x0000000100000000)
  eden space 109568K, 0% used [0x00000000d5580000,0x00000000d5580000,0x00000000dc080000)
  from space 8704K, 45% used [0x00000000dc080000,0x00000000dc459b00,0x00000000dc900000)
  to   space 7680K, 0% used [0x00000000dc900000,0x00000000dc900000,0x00000000dd080000)
 ParOldGen       total 72704K, used 7411K [0x0000000080000000, 0x0000000084700000, 0x00000000d5580000)
  object space 72704K, 10% used [0x0000000080000000,0x000000008073cc68,0x0000000084700000)
 Metaspace       used 20797K, capacity 21097K, committed 21296K, reserved 1069056K
  class space    used 2299K, capacity 2432K, committed 2432K, reserved 1048576K
Event: 6.636 GC heap after
Heap after GC invocations=8 (full 1):
 PSYoungGen      total 118272K, used 0K [0x00000000d5580000, 0x00000000dd280000, 0x0000000100000000)
  eden space 109568K, 0% used [0x00000000d5580000,0x00000000d5580000,0x00000000dc080000)
  from space 8704K, 0% used [0x00000000dc080000,0x00000000dc080000,0x00000000dc900000)
  to   space 7680K, 0% used [0x00000000dc900000,0x00000000dc900000,0x00000000dd080000)
 ParOldGen       total 49664K, used 8540K [0x0000000080000000, 0x0000000083080000, 0x00000000d5580000)
  object space 49664K, 17% used [0x0000000080000000,0x00000000808572d8,0x0000000083080000)
 Metaspace       used 20797K, capacity 21097K, committed 21296K, reserved 1069056K
  class space    used 2299K, capacity 2432K, committed 2432K, reserved 1048576K
}
Event: 8.226 GC heap before
{Heap before GC invocations=9 (full 1):
 PSYoungGen      total 118272K, used 109568K [0x00000000d5580000, 0x00000000dd280000, 0x0000000100000000)
  eden space 109568K, 100% used [0x00000000d5580000,0x00000000dc080000,0x00000000dc080000)
  from space 8704K, 0% used [0x00000000dc080000,0x00000000dc080000,0x00000000dc900000)
  to   space 7680K, 0% used [0x00000000dc900000,0x00000000dc900000,0x00000000dd080000)
 ParOldGen       total 49664K, used 8540K [0x0000000080000000, 0x0000000083080000, 0x00000000d5580000)
  object space 49664K, 17% used [0x0000000080000000,0x00000000808572d8,0x0000000083080000)
 Metaspace       used 22909K, capacity 23235K, committed 23680K, reserved 1071104K
  class space    used 2510K, capacity 2651K, committed 2688K, reserved 1048576K
Event: 8.232 GC heap after
Heap after GC invocations=9 (full 1):
 PSYoungGen      total 117248K, used 3154K [0x00000000d5580000, 0x00000000dd280000, 0x0000000100000000)
  eden space 109568K, 0% used [0x00000000d5580000,0x00000000d5580000,0x00000000dc080000)
  from space 7680K, 41% used [0x00000000dc900000,0x00000000dcc14a70,0x00000000dd080000)
  to   space 8704K, 0% used [0x00000000dc080000,0x00000000dc080000,0x00000000dc900000)
 ParOldGen       total 49664K, used 8548K [0x0000000080000000, 0x0000000083080000, 0x00000000d5580000)
  object space 49664K, 17% used [0x0000000080000000,0x00000000808592d8,0x0000000083080000)
 Metaspace       used 22909K, capacity 23235K, committed 23680K, reserved 1071104K
  class space    used 2510K, capacity 2651K, committed 2688K, reserved 1048576K
}

