# JRE version: OpenJDK Runtime Environment (Zulu 8.68.0.21-CA-win64) (8.0_362-b09) (build 1.8.0_362-b09)
# Java VM: OpenJDK 64-Bit Server VM (25.362-b09 mixed mode windows-amd64 compressed oops)
Heap:
 PSYoungGen      total 221696K, used 89129K [0x00000000d5580000, 0x00000000e5380000, 0x0000000100000000)
  eden space 213504K, 37% used [0x00000000d5580000,0x00000000da4908d0,0x00000000e2600000)
  from space 8192K, 99% used [0x00000000e2600000,0x00000000e2df9de8,0x00000000e2e00000)
  to   space 11776K, 0% used [0x00000000e4800000,0x00000000e4800000,0x00000000e5380000)
 ParOldGen       total 50688K, used 16521K [0x0000000080000000, 0x0000000083180000, 0x00000000d5580000)
  object space 50688K, 32% used [0x0000000080000000,0x00000000810225d0,0x0000000083180000)
 Metaspace       used 31548K, capacity 32543K, committed 32768K, reserved 1077248K
  class space    used 3709K, capacity 3981K, committed 4096K, reserved 1048576K
GC Heap History (10 events):
Event: 5.577 GC heap before
{Heap before GC invocations=6 (full 0):
 PSYoungGen      total 59392K, used 59386K [0x00000000d5580000, 0x00000000dcf80000, 0x0000000100000000)
  eden space 55296K, 100% used [0x00000000d5580000,0x00000000d8b80000,0x00000000d8b80000)
  from space 4096K, 99% used [0x00000000d8b80000,0x00000000d8f7e9d8,0x00000000d8f80000)
  to   space 7168K, 0% used [0x00000000dc880000,0x00000000dc880000,0x00000000dcf80000)
 ParOldGen       total 72704K, used 4432K [0x0000000080000000, 0x0000000084700000, 0x00000000d5580000)
  object space 72704K, 6% used [0x0000000080000000,0x0000000080454160,0x0000000084700000)
 Metaspace       used 20251K, capacity 20548K, committed 20864K, reserved 1067008K
  class space    used 2257K, capacity 2379K, committed 2432K, reserved 1048576K
Event: 5.600 GC heap after
Heap after GC invocations=6 (full 0):
 PSYoungGen      total 116224K, used 7143K [0x00000000d5580000, 0x00000000dd280000, 0x0000000100000000)
  eden space 109056K, 0% used [0x00000000d5580000,0x00000000d5580000,0x00000000dc000000)
  from space 7168K, 99% used [0x00000000dc880000,0x00000000dcf79ed8,0x00000000dcf80000)
  to   space 8704K, 0% used [0x00000000dc000000,0x00000000dc000000,0x00000000dc880000)
 ParOldGen       total 72704K, used 4928K [0x0000000080000000, 0x0000000084700000, 0x00000000d5580000)
  object space 72704K, 6% used [0x0000000080000000,0x00000000804d03b8,0x0000000084700000)
 Metaspace       used 20251K, capacity 20548K, committed 20864K, reserved 1067008K
  class space    used 2257K, capacity 2379K, committed 2432K, reserved 1048576K
}
Event: 5.998 GC heap before
{Heap before GC invocations=7 (full 0):
 PSYoungGen      total 116224K, used 39916K [0x00000000d5580000, 0x00000000dd280000, 0x0000000100000000)
  eden space 109056K, 30% used [0x00000000d5580000,0x00000000d75811e8,0x00000000dc000000)
  from space 7168K, 99% used [0x00000000dc880000,0x00000000dcf79ed8,0x00000000dcf80000)
  to   space 8704K, 0% used [0x00000000dc000000,0x00000000dc000000,0x00000000dc880000)
 ParOldGen       total 72704K, used 4928K [0x0000000080000000, 0x0000000084700000, 0x00000000d5580000)
  object space 72704K, 6% used [0x0000000080000000,0x00000000804d03b8,0x0000000084700000)
 Metaspace       used 20782K, capacity 21097K, committed 21296K, reserved 1069056K
  class space    used 2302K, capacity 2432K, committed 2432K, reserved 1048576K
Event: 6.018 GC heap after
Heap after GC invocations=7 (full 0):
 PSYoungGen      total 117760K, used 4055K [0x00000000d5580000, 0x00000000e3a80000, 0x0000000100000000)
  eden space 109056K, 0% used [0x00000000d5580000,0x00000000d5580000,0x00000000dc000000)
  from space 8704K, 46% used [0x00000000dc000000,0x00000000dc3f5ee8,0x00000000dc880000)
  to   space 8192K, 0% used [0x00000000e3280000,0x00000000e3280000,0x00000000e3a80000)
 ParOldGen       total 72704K, used 7552K [0x0000000080000000, 0x0000000084700000, 0x00000000d5580000)
  object space 72704K, 10% used [0x0000000080000000,0x0000000080760088,0x0000000084700000)
 Metaspace       used 20782K, capacity 21097K, committed 21296K, reserved 1069056K
  class space    used 2302K, capacity 2432K, committed 2432K, reserved 1048576K
}
Event: 6.018 GC heap before
{Heap before GC invocations=8 (full 1):
 PSYoungGen      total 117760K, used 4055K [0x00000000d5580000, 0x00000000e3a80000, 0x0000000100000000)
  eden space 109056K, 0% used [0x00000000d5580000,0x00000000d5580000,0x00000000dc000000)
  from space 8704K, 46% used [0x00000000dc000000,0x00000000dc3f5ee8,0x00000000dc880000)
  to   space 8192K, 0% used [0x00000000e3280000,0x00000000e3280000,0x00000000e3a80000)
 ParOldGen       total 72704K, used 7552K [0x0000000080000000, 0x0000000084700000, 0x00000000d5580000)
  object space 72704K, 10% used [0x0000000080000000,0x0000000080760088,0x0000000084700000)
 Metaspace       used 20782K, capacity 21097K, committed 21296K, reserved 1069056K
  class space    used 2302K, capacity 2432K, committed 2432K, reserved 1048576K
Event: 6.102 GC heap after
Heap after GC invocations=8 (full 1):
 PSYoungGen      total 117760K, used 0K [0x00000000d5580000, 0x00000000e3a80000, 0x0000000100000000)
  eden space 109056K, 0% used [0x00000000d5580000,0x00000000d5580000,0x00000000dc000000)
  from space 8704K, 0% used [0x00000000dc000000,0x00000000dc000000,0x00000000dc880000)
  to   space 8192K, 0% used [0x00000000e3280000,0x00000000e3280000,0x00000000e3a80000)
 ParOldGen       total 50688K, used 10124K [0x0000000080000000, 0x0000000083180000, 0x00000000d5580000)
  object space 50688K, 19% used [0x0000000080000000,0x00000000809e31f8,0x0000000083180000)
 Metaspace       used 20782K, capacity 21097K, committed 21296K, reserved 1069056K
  class space    used 2302K, capacity 2432K, committed 2432K, reserved 1048576K
}
Event: 7.434 GC heap before
{Heap before GC invocations=9 (full 1):
 PSYoungGen      total 117760K, used 109056K [0x00000000d5580000, 0x00000000e3a80000, 0x0000000100000000)
  eden space 109056K, 100% used [0x00000000d5580000,0x00000000dc000000,0x00000000dc000000)
  from space 8704K, 0% used [0x00000000dc000000,0x00000000dc000000,0x00000000dc880000)
  to   space 8192K, 0% used [0x00000000e3280000,0x00000000e3280000,0x00000000e3a80000)
 ParOldGen       total 50688K, used 10124K [0x0000000080000000, 0x0000000083180000, 0x00000000d5580000)
  object space 50688K, 19% used [0x0000000080000000,0x00000000809e31f8,0x0000000083180000)
 Metaspace       used 22947K, capacity 23299K, committed 23680K, reserved 1071104K
  class space    used 2511K, capacity 2651K, committed 2688K, reserved 1048576K
Event: 7.441 GC heap after
Heap after GC invocations=9 (full 1):
 PSYoungGen      total 180224K, used 3189K [0x00000000d5580000, 0x00000000e3600000, 0x0000000100000000)
  eden space 176640K, 0% used [0x00000000d5580000,0x00000000d5580000,0x00000000e0200000)
  from space 3584K, 88% used [0x00000000e3280000,0x00000000e359d5d8,0x00000000e3600000)
  to   space 8192K, 0% used [0x00000000e2600000,0x00000000e2600000,0x00000000e2e00000)
 ParOldGen       total 50688K, used 10132K [0x0000000080000000, 0x0000000083180000, 0x00000000d5580000)
  object space 50688K, 19% used [0x0000000080000000,0x00000000809e51f8,0x0000000083180000)
 Metaspace       used 22947K, capacity 23299K, committed 23680K, reserved 1071104K
  class space    used 2511K, capacity 2651K, committed 2688K, reserved 1048576K
}
Event: 13.244 GC heap before
{Heap before GC invocations=10 (full 1):
 PSYoungGen      total 180224K, used 179829K [0x00000000d5580000, 0x00000000e3600000, 0x0000000100000000)
  eden space 176640K, 100% used [0x00000000d5580000,0x00000000e0200000,0x00000000e0200000)
  from space 3584K, 88% used [0x00000000e3280000,0x00000000e359d5d8,0x00000000e3600000)
  to   space 8192K, 0% used [0x00000000e2600000,0x00000000e2600000,0x00000000e2e00000)
 ParOldGen       total 50688K, used 10132K [0x0000000080000000, 0x0000000083180000, 0x00000000d5580000)
  object space 50688K, 19% used [0x0000000080000000,0x00000000809e51f8,0x0000000083180000)
 Metaspace       used 30977K, capacity 31925K, committed 32128K, reserved 1077248K
  class space    used 3662K, capacity 3928K, committed 3968K, reserved 1048576K
Event: 13.268 GC heap after
Heap after GC invocations=10 (full 1):
 PSYoungGen      total 221696K, used 8167K [0x00000000d5580000, 0x00000000e5380000, 0x0000000100000000)
  eden space 213504K, 0% used [0x00000000d5580000,0x00000000d5580000,0x00000000e2600000)
  from space 8192K, 99% used [0x00000000e2600000,0x00000000e2df9de8,0x00000000e2e00000)
  to   space 11776K, 0% used [0x00000000e4800000,0x00000000e4800000,0x00000000e5380000)
 ParOldGen       total 50688K, used 16521K [0x0000000080000000, 0x0000000083180000, 0x00000000d5580000)
  object space 50688K, 32% used [0x0000000080000000,0x00000000810225d0,0x0000000083180000)
 Metaspace       used 30977K, capacity 31925K, committed 32128K, reserved 1077248K
  class space    used 3662K, capacity 3928K, committed 3968K, reserved 1048576K
}

