# JRE version: OpenJDK Runtime Environment (Zulu 8.68.0.21-CA-win64) (8.0_362-b09) (build 1.8.0_362-b09)
# Java VM: OpenJDK 64-Bit Server VM (25.362-b09 mixed mode windows-amd64 compressed oops)
Heap:
 PSYoungGen      total 230912K, used 170781K [0x00000000d5580000, 0x00000000e7400000, 0x0000000100000000)
  eden space 219648K, 74% used [0x00000000d5580000,0x00000000df45c508,0x00000000e2c00000)
  from space 11264K, 71% used [0x00000000e3700000,0x00000000e3eeaf20,0x00000000e4200000)
  to   space 11264K, 0% used [0x00000000e2c00000,0x00000000e2c00000,0x00000000e3700000)
 ParOldGen       total 52224K, used 18135K [0x0000000080000000, 0x0000000083300000, 0x00000000d5580000)
  object space 52224K, 34% used [0x0000000080000000,0x00000000811b5ca0,0x0000000083300000)
 Metaspace       used 32690K, capacity 33774K, committed 33920K, reserved 1079296K
  class space    used 3813K, capacity 4141K, committed 4224K, reserved 1048576K
GC Heap History (10 events):
Event: 4.535 GC heap before
{Heap before GC invocations=7 (full 0):
 PSYoungGen      total 114688K, used 42928K [0x00000000d5580000, 0x00000000dd180000, 0x0000000100000000)
  eden space 108544K, 33% used [0x00000000d5580000,0x00000000d79714c0,0x00000000dbf80000)
  from space 6144K, 99% used [0x00000000dc780000,0x00000000dcd7ad70,0x00000000dcd80000)
  to   space 8192K, 0% used [0x00000000dbf80000,0x00000000dbf80000,0x00000000dc780000)
 ParOldGen       total 72704K, used 5025K [0x0000000080000000, 0x0000000084700000, 0x00000000d5580000)
  object space 72704K, 6% used [0x0000000080000000,0x00000000804e8478,0x0000000084700000)
 Metaspace       used 20875K, capacity 21086K, committed 21296K, reserved 1069056K
  class space    used 2282K, capacity 2389K, committed 2432K, reserved 1048576K
Event: 4.553 GC heap after
Heap after GC invocations=7 (full 0):
 PSYoungGen      total 116736K, used 5665K [0x00000000d5580000, 0x00000000e3880000, 0x0000000100000000)
  eden space 108544K, 0% used [0x00000000d5580000,0x00000000d5580000,0x00000000dbf80000)
  from space 8192K, 69% used [0x00000000dbf80000,0x00000000dc508610,0x00000000dc780000)
  to   space 7680K, 0% used [0x00000000e3100000,0x00000000e3100000,0x00000000e3880000)
 ParOldGen       total 72704K, used 7563K [0x0000000080000000, 0x0000000084700000, 0x00000000d5580000)
  object space 72704K, 10% used [0x0000000080000000,0x0000000080762e78,0x0000000084700000)
 Metaspace       used 20875K, capacity 21086K, committed 21296K, reserved 1069056K
  class space    used 2282K, capacity 2389K, committed 2432K, reserved 1048576K
}
Event: 4.553 GC heap before
{Heap before GC invocations=8 (full 1):
 PSYoungGen      total 116736K, used 5665K [0x00000000d5580000, 0x00000000e3880000, 0x0000000100000000)
  eden space 108544K, 0% used [0x00000000d5580000,0x00000000d5580000,0x00000000dbf80000)
  from space 8192K, 69% used [0x00000000dbf80000,0x00000000dc508610,0x00000000dc780000)
  to   space 7680K, 0% used [0x00000000e3100000,0x00000000e3100000,0x00000000e3880000)
 ParOldGen       total 72704K, used 7563K [0x0000000080000000, 0x0000000084700000, 0x00000000d5580000)
  object space 72704K, 10% used [0x0000000080000000,0x0000000080762e78,0x0000000084700000)
 Metaspace       used 20875K, capacity 21086K, committed 21296K, reserved 1069056K
  class space    used 2282K, capacity 2389K, committed 2432K, reserved 1048576K
Event: 4.629 GC heap after
Heap after GC invocations=8 (full 1):
 PSYoungGen      total 116736K, used 0K [0x00000000d5580000, 0x00000000e3880000, 0x0000000100000000)
  eden space 108544K, 0% used [0x00000000d5580000,0x00000000d5580000,0x00000000dbf80000)
  from space 8192K, 0% used [0x00000000dbf80000,0x00000000dbf80000,0x00000000dc780000)
  to   space 7680K, 0% used [0x00000000e3100000,0x00000000e3100000,0x00000000e3880000)
 ParOldGen       total 52224K, used 9864K [0x0000000080000000, 0x0000000083300000, 0x00000000d5580000)
  object space 52224K, 18% used [0x0000000080000000,0x00000000809a21e0,0x0000000083300000)
 Metaspace       used 20875K, capacity 21086K, committed 21296K, reserved 1069056K
  class space    used 2282K, capacity 2389K, committed 2432K, reserved 1048576K
}
Event: 6.020 GC heap before
{Heap before GC invocations=9 (full 1):
 PSYoungGen      total 116736K, used 108544K [0x00000000d5580000, 0x00000000e3880000, 0x0000000100000000)
  eden space 108544K, 100% used [0x00000000d5580000,0x00000000dbf80000,0x00000000dbf80000)
  from space 8192K, 0% used [0x00000000dbf80000,0x00000000dbf80000,0x00000000dc780000)
  to   space 7680K, 0% used [0x00000000e3100000,0x00000000e3100000,0x00000000e3880000)
 ParOldGen       total 52224K, used 9864K [0x0000000080000000, 0x0000000083300000, 0x00000000d5580000)
  object space 52224K, 18% used [0x0000000080000000,0x00000000809a21e0,0x0000000083300000)
 Metaspace       used 23181K, capacity 23524K, committed 23680K, reserved 1071104K
  class space    used 2535K, capacity 2658K, committed 2688K, reserved 1048576K
Event: 6.031 GC heap after
Heap after GC invocations=9 (full 1):
 PSYoungGen      total 172032K, used 3934K [0x00000000d5580000, 0x00000000e3500000, 0x0000000100000000)
  eden space 167936K, 0% used [0x00000000d5580000,0x00000000d5580000,0x00000000df980000)
  from space 4096K, 96% used [0x00000000e3100000,0x00000000e34d7b80,0x00000000e3500000)
  to   space 7680K, 0% used [0x00000000e2600000,0x00000000e2600000,0x00000000e2d80000)
 ParOldGen       total 52224K, used 9872K [0x0000000080000000, 0x0000000083300000, 0x00000000d5580000)
  object space 52224K, 18% used [0x0000000080000000,0x00000000809a41e0,0x0000000083300000)
 Metaspace       used 23181K, capacity 23524K, committed 23680K, reserved 1071104K
  class space    used 2535K, capacity 2658K, committed 2688K, reserved 1048576K
}
Event: 9.156 GC heap before
{Heap before GC invocations=10 (full 1):
 PSYoungGen      total 172032K, used 171870K [0x00000000d5580000, 0x00000000e3500000, 0x0000000100000000)
  eden space 167936K, 100% used [0x00000000d5580000,0x00000000df980000,0x00000000df980000)
  from space 4096K, 96% used [0x00000000e3100000,0x00000000e34d7b80,0x00000000e3500000)
  to   space 7680K, 0% used [0x00000000e2600000,0x00000000e2600000,0x00000000e2d80000)
 ParOldGen       total 52224K, used 9872K [0x0000000080000000, 0x0000000083300000, 0x00000000d5580000)
  object space 52224K, 18% used [0x0000000080000000,0x00000000809a41e0,0x0000000083300000)
 Metaspace       used 29832K, capacity 30708K, committed 30976K, reserved 1077248K
  class space    used 3523K, capacity 3780K, committed 3840K, reserved 1048576K
Event: 9.183 GC heap after
Heap after GC invocations=10 (full 1):
 PSYoungGen      total 221184K, used 7661K [0x00000000d5580000, 0x00000000e4200000, 0x0000000100000000)
  eden space 213504K, 0% used [0x00000000d5580000,0x00000000d5580000,0x00000000e2600000)
  from space 7680K, 99% used [0x00000000e2600000,0x00000000e2d7b748,0x00000000e2d80000)
  to   space 11264K, 0% used [0x00000000e3700000,0x00000000e3700000,0x00000000e4200000)
 ParOldGen       total 52224K, used 15903K [0x0000000080000000, 0x0000000083300000, 0x00000000d5580000)
  object space 52224K, 30% used [0x0000000080000000,0x0000000080f87c20,0x0000000083300000)
 Metaspace       used 29832K, capacity 30708K, committed 30976K, reserved 1077248K
  class space    used 3523K, capacity 3780K, committed 3840K, reserved 1048576K
}
Event: 20.785 GC heap before
{Heap before GC invocations=11 (full 1):
 PSYoungGen      total 221184K, used 221165K [0x00000000d5580000, 0x00000000e4200000, 0x0000000100000000)
  eden space 213504K, 100% used [0x00000000d5580000,0x00000000e2600000,0x00000000e2600000)
  from space 7680K, 99% used [0x00000000e2600000,0x00000000e2d7b748,0x00000000e2d80000)
  to   space 11264K, 0% used [0x00000000e3700000,0x00000000e3700000,0x00000000e4200000)
 ParOldGen       total 52224K, used 15903K [0x0000000080000000, 0x0000000083300000, 0x00000000d5580000)
  object space 52224K, 30% used [0x0000000080000000,0x0000000080f87c20,0x0000000083300000)
 Metaspace       used 32340K, capacity 33356K, committed 33664K, reserved 1079296K
  class space    used 3798K, capacity 4110K, committed 4224K, reserved 1048576K
Event: 20.804 GC heap after
Heap after GC invocations=11 (full 1):
 PSYoungGen      total 230912K, used 8107K [0x00000000d5580000, 0x00000000e7400000, 0x0000000100000000)
  eden space 219648K, 0% used [0x00000000d5580000,0x00000000d5580000,0x00000000e2c00000)
  from space 11264K, 71% used [0x00000000e3700000,0x00000000e3eeaf20,0x00000000e4200000)
  to   space 11264K, 0% used [0x00000000e2c00000,0x00000000e2c00000,0x00000000e3700000)
 ParOldGen       total 52224K, used 18135K [0x0000000080000000, 0x0000000083300000, 0x00000000d5580000)
  object space 52224K, 34% used [0x0000000080000000,0x00000000811b5ca0,0x0000000083300000)
 Metaspace       used 32340K, capacity 33356K, committed 33664K, reserved 1079296K
  class space    used 3798K, capacity 4110K, committed 4224K, reserved 1048576K
}

