# JRE version: OpenJDK Runtime Environment (Zulu 8.68.0.21-CA-win64) (8.0_362-b09) (build 1.8.0_362-b09)
# Java VM: OpenJDK 64-Bit Server VM (25.362-b09 mixed mode windows-amd64 compressed oops)
Heap:
 PSYoungGen      total 59392K, used 24984K [0x00000000d5580000, 0x00000000d9380000, 0x0000000100000000)
  eden space 55296K, 37% used [0x00000000d5580000,0x00000000d69ea5a0,0x00000000d8b80000)
  from space 4096K, 99% used [0x00000000d8b80000,0x00000000d8f7ba68,0x00000000d8f80000)
  to   space 4096K, 0% used [0x00000000d8f80000,0x00000000d8f80000,0x00000000d9380000)
 ParOldGen       total 72704K, used 2725K [0x0000000080000000, 0x0000000084700000, 0x00000000d5580000)
  object space 72704K, 3% used [0x0000000080000000,0x00000000802a9660,0x0000000084700000)
 Metaspace       used 16499K, capacity 16762K, committed 17024K, reserved 1064960K
  class space    used 1715K, capacity 1819K, committed 1920K, reserved 1048576K
GC Heap History (10 events):
Event: 3.341 GC heap before
{Heap before GC invocations=1 (full 0):
 PSYoungGen      total 31744K, used 27648K [0x00000000d5580000, 0x00000000d7880000, 0x0000000100000000)
  eden space 27648K, 100% used [0x00000000d5580000,0x00000000d7080000,0x00000000d7080000)
  from space 4096K, 0% used [0x00000000d7480000,0x00000000d7480000,0x00000000d7880000)
  to   space 4096K, 0% used [0x00000000d7080000,0x00000000d7080000,0x00000000d7480000)
 ParOldGen       total 72704K, used 0K [0x0000000080000000, 0x0000000084700000, 0x00000000d5580000)
  object space 72704K, 0% used [0x0000000080000000,0x0000000080000000,0x0000000084700000)
 Metaspace       used 4482K, capacity 5152K, committed 5504K, reserved 1056768K
  class space    used 466K, capacity 536K, committed 640K, reserved 1048576K
Event: 3.347 GC heap after
Heap after GC invocations=1 (full 0):
 PSYoungGen      total 31744K, used 3887K [0x00000000d5580000, 0x00000000d7880000, 0x0000000100000000)
  eden space 27648K, 0% used [0x00000000d5580000,0x00000000d5580000,0x00000000d7080000)
  from space 4096K, 94% used [0x00000000d7080000,0x00000000d744bc40,0x00000000d7480000)
  to   space 4096K, 0% used [0x00000000d7480000,0x00000000d7480000,0x00000000d7880000)
 ParOldGen       total 72704K, used 8K [0x0000000080000000, 0x0000000084700000, 0x00000000d5580000)
  object space 72704K, 0% used [0x0000000080000000,0x0000000080002000,0x0000000084700000)
 Metaspace       used 4482K, capacity 5152K, committed 5504K, reserved 1056768K
  class space    used 466K, capacity 536K, committed 640K, reserved 1048576K
}
Event: 5.654 GC heap before
{Heap before GC invocations=2 (full 0):
 PSYoungGen      total 31744K, used 31535K [0x00000000d5580000, 0x00000000d7880000, 0x0000000100000000)
  eden space 27648K, 100% used [0x00000000d5580000,0x00000000d7080000,0x00000000d7080000)
  from space 4096K, 94% used [0x00000000d7080000,0x00000000d744bc40,0x00000000d7480000)
  to   space 4096K, 0% used [0x00000000d7480000,0x00000000d7480000,0x00000000d7880000)
 ParOldGen       total 72704K, used 8K [0x0000000080000000, 0x0000000084700000, 0x00000000d5580000)
  object space 72704K, 0% used [0x0000000080000000,0x0000000080002000,0x0000000084700000)
 Metaspace       used 8122K, capacity 8272K, committed 8448K, reserved 1056768K
  class space    used 888K, capacity 952K, committed 1024K, reserved 1048576K
Event: 5.661 GC heap after
Heap after GC invocations=2 (full 0):
 PSYoungGen      total 31744K, used 4007K [0x00000000d5580000, 0x00000000d7880000, 0x0000000100000000)
  eden space 27648K, 0% used [0x00000000d5580000,0x00000000d5580000,0x00000000d7080000)
  from space 4096K, 97% used [0x00000000d7480000,0x00000000d7869ec0,0x00000000d7880000)
  to   space 4096K, 0% used [0x00000000d7080000,0x00000000d7080000,0x00000000d7480000)
 ParOldGen       total 72704K, used 16K [0x0000000080000000, 0x0000000084700000, 0x00000000d5580000)
  object space 72704K, 0% used [0x0000000080000000,0x0000000080004000,0x0000000084700000)
 Metaspace       used 8122K, capacity 8272K, committed 8448K, reserved 1056768K
  class space    used 888K, capacity 952K, committed 1024K, reserved 1048576K
}
Event: 6.936 GC heap before
{Heap before GC invocations=3 (full 0):
 PSYoungGen      total 31744K, used 31544K [0x00000000d5580000, 0x00000000d7880000, 0x0000000100000000)
  eden space 27648K, 99% used [0x00000000d5580000,0x00000000d7064178,0x00000000d7080000)
  from space 4096K, 97% used [0x00000000d7480000,0x00000000d7869ec0,0x00000000d7880000)
  to   space 4096K, 0% used [0x00000000d7080000,0x00000000d7080000,0x00000000d7480000)
 ParOldGen       total 72704K, used 16K [0x0000000080000000, 0x0000000084700000, 0x00000000d5580000)
  object space 72704K, 0% used [0x0000000080000000,0x0000000080004000,0x0000000084700000)
 Metaspace       used 9794K, capacity 9968K, committed 10240K, reserved 1058816K
  class space    used 1119K, capacity 1176K, committed 1280K, reserved 1048576K
Event: 6.985 GC heap after
Heap after GC invocations=3 (full 0):
 PSYoungGen      total 31744K, used 4093K [0x00000000d5580000, 0x00000000d9380000, 0x0000000100000000)
  eden space 27648K, 0% used [0x00000000d5580000,0x00000000d5580000,0x00000000d7080000)
  from space 4096K, 99% used [0x00000000d7080000,0x00000000d747f7a0,0x00000000d7480000)
  to   space 4096K, 0% used [0x00000000d8f80000,0x00000000d8f80000,0x00000000d9380000)
 ParOldGen       total 72704K, used 769K [0x0000000080000000, 0x0000000084700000, 0x00000000d5580000)
  object space 72704K, 1% used [0x0000000080000000,0x00000000800c0448,0x0000000084700000)
 Metaspace       used 9794K, capacity 9968K, committed 10240K, reserved 1058816K
  class space    used 1119K, capacity 1176K, committed 1280K, reserved 1048576K
}
Event: 8.024 GC heap before
{Heap before GC invocations=4 (full 0):
 PSYoungGen      total 31744K, used 31741K [0x00000000d5580000, 0x00000000d9380000, 0x0000000100000000)
  eden space 27648K, 100% used [0x00000000d5580000,0x00000000d7080000,0x00000000d7080000)
  from space 4096K, 99% used [0x00000000d7080000,0x00000000d747f7a0,0x00000000d7480000)
  to   space 4096K, 0% used [0x00000000d8f80000,0x00000000d8f80000,0x00000000d9380000)
 ParOldGen       total 72704K, used 769K [0x0000000080000000, 0x0000000084700000, 0x00000000d5580000)
  object space 72704K, 1% used [0x0000000080000000,0x00000000800c0448,0x0000000084700000)
 Metaspace       used 10685K, capacity 10838K, committed 11008K, reserved 1058816K
  class space    used 1163K, capacity 1209K, committed 1280K, reserved 1048576K
Event: 8.067 GC heap after
Heap after GC invocations=4 (full 0):
 PSYoungGen      total 59392K, used 4092K [0x00000000d5580000, 0x00000000d9380000, 0x0000000100000000)
  eden space 55296K, 0% used [0x00000000d5580000,0x00000000d5580000,0x00000000d8b80000)
  from space 4096K, 99% used [0x00000000d8f80000,0x00000000d937f050,0x00000000d9380000)
  to   space 4096K, 0% used [0x00000000d8b80000,0x00000000d8b80000,0x00000000d8f80000)
 ParOldGen       total 72704K, used 1004K [0x0000000080000000, 0x0000000084700000, 0x00000000d5580000)
  object space 72704K, 1% used [0x0000000080000000,0x00000000800fb390,0x0000000084700000)
 Metaspace       used 10685K, capacity 10838K, committed 11008K, reserved 1058816K
  class space    used 1163K, capacity 1209K, committed 1280K, reserved 1048576K
}
Event: 9.112 GC heap before
{Heap before GC invocations=5 (full 0):
 PSYoungGen      total 59392K, used 59388K [0x00000000d5580000, 0x00000000d9380000, 0x0000000100000000)
  eden space 55296K, 100% used [0x00000000d5580000,0x00000000d8b80000,0x00000000d8b80000)
  from space 4096K, 99% used [0x00000000d8f80000,0x00000000d937f050,0x00000000d9380000)
  to   space 4096K, 0% used [0x00000000d8b80000,0x00000000d8b80000,0x00000000d8f80000)
 ParOldGen       total 72704K, used 1004K [0x0000000080000000, 0x0000000084700000, 0x00000000d5580000)
  object space 72704K, 1% used [0x0000000080000000,0x00000000800fb390,0x0000000084700000)
 Metaspace       used 12808K, capacity 13018K, committed 13184K, reserved 1060864K
  class space    used 1316K, capacity 1380K, committed 1408K, reserved 1048576K
Event: 9.126 GC heap after
Heap after GC invocations=5 (full 0):
 PSYoungGen      total 59392K, used 4078K [0x00000000d5580000, 0x00000000d9380000, 0x0000000100000000)
  eden space 55296K, 0% used [0x00000000d5580000,0x00000000d5580000,0x00000000d8b80000)
  from space 4096K, 99% used [0x00000000d8b80000,0x00000000d8f7ba68,0x00000000d8f80000)
  to   space 4096K, 0% used [0x00000000d8f80000,0x00000000d8f80000,0x00000000d9380000)
 ParOldGen       total 72704K, used 2725K [0x0000000080000000, 0x0000000084700000, 0x00000000d5580000)
  object space 72704K, 3% used [0x0000000080000000,0x00000000802a9660,0x0000000084700000)
 Metaspace       used 12808K, capacity 13018K, committed 13184K, reserved 1060864K
  class space    used 1316K, capacity 1380K, committed 1408K, reserved 1048576K
}

